[Sun Jun 28 15:52:49 2026] DiscoveryCompleted: loop_termination 由 user:tester 觸發，+50 進度（目前 0）
[Sun Jun 28 15:55:48 2026] DiscoveryCompleted: loop_termination 由 user:tester 觸發，+50 進度（目前 50）
[Sun Jun 28 15:55:59 2026] DiscoveryCompleted: loop_termination 由 user:tester 觸發，+50 進度（目前 50）
[Sun Jun 28 15:58:13 2026] DiscoveryCompleted: loop_termination 由 user:tester 觸發，+50 進度（目前 50）
[Sun Jun 28 16:00:46 2026] DiscoveryCompleted: loop_termination 由 user:tester 觸發，+50 進度（目前 50）
[Sun Jun 28 16:04:20 2026] DiscoveryCompleted: loop_termination 由 user:tester 觸發，+50 進度（目前 50）
[Sun Jun 28 16:06:23 2026] DiscoveryCompleted: loop_termination 由 user:tester 觸發，+50 進度（目前 50）
[Sun Jun 28 16:07:33 2026] DiscoveryCompleted: loop_termination 由 user:tester 觸發，+50 進度（目前 50）
[Sun Jun 28 16:13:42 2026] DiscoveryCompleted: loop_termination 由 user:tester 觸發，+50 進度（目前 50）
[Sun Jun 28 16:17:45 2026] DiscoveryCompleted: loop_termination 由 unknown 觸發，+50 進度（目前 50）
[Sun Jun 28 16:18:03 2026] DiscoveryCompleted: loop_termination 由 unknown 觸發，+50 進度（目前 50）
[Sun Jun 28 16:18:29 2026] DiscoveryCompleted: loop_termination 由 unknown 觸發，+50 進度（目前 0）
[Sun Jun 28 16:23:22 2026] DiscoveryCompleted: loop_termination 由 unknown 觸發，+50 進度（目前 50）
[Sun Jun 28 16:26:29 2026] DiscoveryCompleted: loop_termination 由 unknown 觸發，+50 進度（目前 50）
[Sun Jun 28 16:29:01 2026] DiscoveryCompleted: loop_termination 由 unknown 觸發，+50 進度（目前 50）
[Sun Jun 28 16:29:29 2026] DiscoveryCompleted: loop_termination 由 unknown 觸發，+50 進度（目前 0）
[Sun Jun 28 16:30:47 2026] DiscoveryCompleted: loop_termination 由 unknown 觸發，+50 進度（目前 50）
[Sun Jun 28 16:31:54 2026] DiscoveryCompleted: loop_termination 由 unknown 觸發，+50 進度（目前 50）
[Sun Jun 28 16:32:17 2026] DiscoveryCompleted: loop_termination 由 unknown 觸發，+50 進度（目前 0）
[Sun Jun 28 16:35:56 2026] DiscoveryCompleted: loop_termination 由 unknown 觸發，+50 進度（目前 50）
[Sun Jun 28 16:36:11 2026] DiscoveryCompleted: loop_termination 由 unknown 觸發，+50 進度（目前 0）
[Sun Jun 28 16:36:46 2026] DiscoveryCompleted: loop_termination 由 unknown 觸發，+50 進度（目前 0）
[Sun Jun 28 16:43:56 2026] DiscoveryCompleted: loop_termination 由 unknown 觸發，+50 進度（目前 0）
[Sun Jun 28 16:44:50 2026] DiscoveryCompleted: loop_termination 由 unknown 觸發，+50 進度（目前 0）
[Sun Jun 28 16:45:06 2026] DiscoveryCompleted: loop_termination 由 unknown 觸發，+50 進度（目前 50）
[Sun Jun 28 19:11:53 2026] 玩家 user:tester 完成了任務 infinite_loop_termination
[Sun Jun 28 19:11:53 2026] DiscoveryCompleted: loop_termination 由 user:tester 觸發，+50 進度（目前 110）
[Sun Jun 28 19:28:56 2026] 玩家 user:tester 完成了任務 infinite_loop_termination
[Sun Jun 28 19:28:56 2026] DiscoveryCompleted: loop_termination 由 user:tester 觸發，+50 進度（目前 10）
[Sun Jun 28 19:28:56 2026] 玩家 user:tester 完成了任務 count_to_100
[Sun Jun 28 19:31:27 2026] 玩家 user:tester 完成了任務 infinite_loop_termination
[Sun Jun 28 19:31:27 2026] FactorDiscovered: loop_termination 由 user:tester 觸發，+50 進度（目前 10）
[Sun Jun 28 19:31:27 2026] 玩家 user:tester 完成了任務 count_to_100
[Sun Jun 28 19:31:44 2026] 玩家 user:tester 完成了任務 infinite_loop_termination
[Sun Jun 28 19:31:44 2026] FactorDiscovered: loop_termination 由 user:tester 觸發，+50 進度（目前 10）
[Sun Jun 28 19:31:44 2026] 玩家 user:tester 完成了任務 count_to_100
[Sun Jun 28 19:43:48 2026] 玩家 user:tester 完成了任務 infinite_loop_termination
[Sun Jun 28 19:43:48 2026] FactorDiscovered: loop_termination 由 user:tester 觸發，+50 進度（目前 10）
[Sun Jun 28 19:43:48 2026] 玩家 user:tester 完成了任務 count_to_100
[Sun Jun 28 21:32:16 2026] 玩家 user:tester 完成了任務 infinite_loop_termination
[Sun Jun 28 21:32:16 2026] FactorDiscovered: loop_termination 由 user:tester 觸發，+50 進度（目前 10）
[Sun Jun 28 21:32:16 2026] 玩家 user:tester 完成了任務 count_to_100
[Sun Jun 28 21:32:32 2026] 玩家 user:tester 完成了任務 infinite_loop_termination
[Sun Jun 28 21:32:32 2026] FactorDiscovered: loop_termination 由 user:tester 觸發，+50 進度（目前 10）
[Sun Jun 28 21:32:32 2026] 玩家 user:tester 完成了任務 count_to_100
[Sun Jun 28 21:33:10 2026] 玩家 user:tester 完成了任務 infinite_loop_termination
[Sun Jun 28 21:33:11 2026] FactorDiscovered: loop_termination 由 user:tester 觸發，+50 進度（目前 80）
[Sun Jun 28 21:50:25 2026] 玩家 user:tester 完成了任務 infinite_loop_termination
[Sun Jun 28 21:50:25 2026] FactorDiscovered: loop_termination 由 user:tester 觸發，+50 進度（目前 10）
[Sun Jun 28 21:50:25 2026] 玩家 user:tester 完成了任務 count_to_100
[Sun Jun 28 21:56:46 2026] 玩家 user:tester 完成了任務 infinite_loop_termination
[Sun Jun 28 21:56:46 2026] FactorDiscovered: loop_termination 由 user:tester 觸發，+50 進度（目前 10）
[Sun Jun 28 21:56:46 2026] 玩家 user:tester 完成了任務 count_to_100
[Sun Jun 28 22:03:01 2026] 玩家 user:tester 完成了任務 infinite_loop_termination
[Sun Jun 28 22:03:01 2026] FactorDiscovered: loop_termination 由 user:tester 觸發，+50 進度（目前 10）
[Sun Jun 28 22:03:01 2026] 玩家 user:tester 完成了任務 infinite_loop_termination
[Sun Jun 28 22:03:01 2026] 玩家 user:tester 完成了任務 count_to_100
[Sun Jun 28 22:08:58 2026] 玩家 user:tester 完成了任務 infinite_loop_termination
[Sun Jun 28 22:08:58 2026] FactorDiscovered: loop_termination 由 user:tester 觸發，+50 進度（目前 10）
[Sun Jun 28 22:08:58 2026] 玩家 user:tester 完成了任務 infinite_loop_termination
[Sun Jun 28 22:08:58 2026] 玩家 user:tester 完成了任務 count_to_100
[Sun Jun 28 22:11:55 2026] 玩家 user:tester 完成了任務 infinite_loop_termination
[Sun Jun 28 22:11:55 2026] FactorDiscovered: loop_termination 由 user:tester 觸發，+50 進度（目前 10）
[Sun Jun 28 22:11:55 2026] 玩家 user:tester 完成了任務 infinite_loop_termination
[Sun Jun 28 22:11:55 2026] 玩家 user:tester 完成了任務 count_to_100
[Sun Jun 28 22:13:35 2026] 玩家 user:tester 完成了任務 infinite_loop_termination
[Sun Jun 28 22:13:35 2026] FactorDiscovered: loop_termination 由 user:tester 觸發，+50 進度（目前 10）
[Sun Jun 28 22:13:35 2026] 玩家 user:tester 完成了任務 infinite_loop_termination
[Sun Jun 28 22:13:35 2026] 玩家 user:tester 完成了任務 count_to_100
[Sun Jun 28 22:15:20 2026] 玩家 user:tester 完成了任務 infinite_loop_termination
[Sun Jun 28 22:15:20 2026] FactorDiscovered: loop_termination 由 user:tester 觸發，+50 進度（目前 90）
[Sun Jun 28 22:15:39 2026] 玩家 user:tester 完成了任務 infinite_loop_termination
[Sun Jun 28 22:17:42 2026] 玩家 user:tester 完成了任務 infinite_loop_termination
[Sun Jun 28 22:17:42 2026] FactorDiscovered: loop_termination 由 user:tester 觸發，+50 進度（目前 10）
[Sun Jun 28 22:17:42 2026] 玩家 user:tester 完成了任務 infinite_loop_termination
[Sun Jun 28 22:17:42 2026] 玩家 user:tester 完成了任務 count_to_100
[Sun Jun 28 22:18:00 2026] 玩家 user:tester 完成了任務 infinite_loop_termination
[Sun Jun 28 22:18:00 2026] FactorDiscovered: loop_termination 由 user:tester 觸發，+50 進度（目前 10）
[Sun Jun 28 22:18:00 2026] 玩家 user:tester 完成了任務 infinite_loop_termination
[Sun Jun 28 22:18:00 2026] 玩家 user:tester 完成了任務 count_to_100
[Sun Jun 28 22:18:16 2026] 玩家 user:tester 完成了任務 infinite_loop_termination
[Sun Jun 28 22:18:16 2026] FactorDiscovered: loop_termination 由 user:tester 觸發，+50 進度（目前 10）
[Sun Jun 28 22:18:16 2026] 玩家 user:tester 完成了任務 infinite_loop_termination
[Sun Jun 28 22:18:16 2026] 玩家 user:tester 完成了任務 count_to_100
